<?xml version="1.0" encoding="UTF-8"?>
<!-- Generated by org.testng.reporters.JUnitReportReporter -->
<testsuite hostname="DESKTOP-EJRIQ96" failures="0" tests="1" name="com.shop.spacex.SpaceXShopUITest" time="13.818" errors="0" timestamp="2023-04-01T08:51:53 BST" skipped="0">
  <testcase classname="com.shop.spacex.SpaceXShopUITest" name="testSearchSpaceXShop" time="13.818"/>
  <system-out/>
</testsuite> <!-- com.shop.spacex.SpaceXShopUITest -->
