<?xml version="1.0" encoding="UTF-8"?>
<!-- Generated by org.testng.reporters.JUnitReportReporter -->
<testsuite hostname="DESKTOP-EJRIQ96" failures="0" tests="1" name="com.shop.spacex.GetAPITest" time="6.339" errors="0" timestamp="2023-04-01T09:27:01 BST" skipped="0">
  <testcase classname="com.shop.spacex.GetAPITest" name="testGetAPIAndValidateContent" time="6.339"/>
  <system-out/>
</testsuite> <!-- com.shop.spacex.GetAPITest -->
